CC:  inode/fs_inodereserve.c
CC:  boardctl.c
AS:  armv7-m/gnu/up_saveusercontext.S
AS:  armv7-m/gnu/up_fullcontextrestore.S
CC:  inode/fs_inodesearch.c
AS:  armv7-m/gnu/up_switchcontext.S
AR:   boardctl.o 
AS:  armv7-m/gnu/up_testset.S
AS:  armv7-m/gnu/vfork.S
CC:  inode/fs_filedetach.c
AS:  armv7-m/gnu/up_exception.S
AS:  armv7-m/gnu/up_fpu.S
CC:  chip/stm32_allocateheap.c
CC:  vfs/fs_close.c
CC:  chip/stm32_exti_gpio.c
CC:  vfs/fs_dup.c
CC:  vfs/fs_dup2.c
CC:  vfs/fs_fcntl.c
CC:  chip/stm32_gpio.c
CC:  vfs/fs_dupfd.c
CC:  chip/stm32_irq.c
CC:  vfs/fs_dupfd2.c
CC:  vfs/fs_epoll.c
CC:  chip/stm32_lowputc.c
CC:  chip/stm32_rcc.c
CC:  nsh_main.c
CC:  vfs/fs_fstat.c
CC:  chip/stm32_serial.c
AR:     nsh_main.o
CC:  vfs/fs_fstatfs.c
CC:  nsh_init.c
CC:  vfs/fs_getfilep.c
CC:  nsh_parse.c
CC:  vfs/fs_ioctl.c
CC:  chip/stm32_start.c
CC:  vfs/fs_lseek.c
CC:  vfs/fs_mkdir.c
CC:  chip/stm32_timerisr.c
CC:  chip/stm32_dtcm.c
CC:  vfs/fs_open.c
CC:  chip/stm32_dma.c
CC:  vfs/fs_poll.c
CC:  vfs/fs_read.c
CC:  chip/stm32_pwr.c
CC:  nsh_console.c
CC:  vfs/fs_rename.c
CC:  chip/stm32_exti_pwr.c
CC:  nsh_script.c
CC:  vfs/fs_rmdir.c
CC:  chip/stm32_rtc.c
CC:  vfs/fs_statfs.c
CC:  nsh_system.c
CC:  vfs/fs_stat.c
CC:  chip/stm32_i2c.c
CC:  nsh_command.c
CC:  vfs/fs_select.c
CC:  vfs/fs_unlink.c
CC:  chip/stm32_spi.c
CC:  nsh_fscmds.c
CC:  vfs/fs_write.c
CC:  vfs/fs_fsync.c
CC:  chip/stm32_sdmmc.c
CC:  vfs/fs_pread.c
CC:  vfs/fs_pwrite.c
CC:  nsh_ddcmd.c
CC:  vfs/fs_link.c
CC:  chip/stm32_otgdev.c
CC:  vfs/fs_readlink.c
CC:  vfs/fs_fdopen.c
CC:  nsh_proccmds.c
CC:  driver/fs_registerdriver.c
CC:  driver/fs_unregisterdriver.c
CC:  nsh_mmcmds.c
CC:  driver/fs_registerblockdriver.c
CC:  nsh_timcmds.c
CC:  driver/fs_unregisterblockdriver.c
CC:  chip/stm32_tim.c
CC:  driver/fs_findblockdriver.c
CC:  driver/fs_openblockdriver.c
CC:  nsh_envcmds.c
CC:  driver/fs_closeblockdriver.c
CC:  driver/fs_blockproxy.c
CC:  chip/stm32_adc.c
CC:  dirent/fs_closedir.c
CC:  chip/stm32_bbsram.c
CC:  dirent/fs_opendir.c
CC:  nsh_syscmds.c
CC:  armv7-m/up_assert.c
CC:  dirent/fs_readdir.c
CC:  nsh_dbgcmds.c
CC:  dirent/fs_rewinddir.c
CC:  armv7-m/up_blocktask.c
CC:  dirent/fs_seekdir.c
CC:  armv7-m/up_copyfullstate.c
CC:  common/up_createstack.c
CC:  mmap/fs_mmap.c
CC:  nsh_session.c
CC:  common/up_mdelay.c
CC:  mqueue/mq_open.c
CC:  common/up_udelay.c
CC:  mqueue/mq_close.c
CC:  common/up_exit.c
CC:  nsh_fsutils.c
CC:  mqueue/mq_unlink.c
CC:  common/up_idle.c
CC:  mount/fs_mount.c
CC:  nsh_builtin.c
CC:  common/up_initialize.c
CC:  mount/fs_umount2.c
CC:  armv7-m/up_initialstate.c
CC:  mount/fs_foreachmountpoint.c
CC:  common/up_interruptcontext.c
CC:  nsh_romfsetc.c
CC:  fat/fs_fat32.c
CC:  armv7-m/up_memfault.c
CC:  nsh_mntcmds.c
CC:  common/up_modifyreg8.c
CC:  common/up_modifyreg16.c
CC:  nsh_consolemain.c
CC:  common/up_modifyreg32.c
CC:  fat/fs_fat32dirent.c
CC:  armv7-m/up_releasepending.c
CC:  nsh_printf.c
CC:  common/up_releasestack.c
CC:  armv7-m/up_reprioritizertr.c
CC:  nsh_test.c
CC:  armv7-m/up_schedulesigaction.c
CC:  armv7-m/up_sigdeliver.c
CC:  fat/fs_fat32attrib.c
CC:  nsh_usbconsole.c
CC:  common/up_stackframe.c
CC:  armv7-m/up_systemreset.c
AR:   nsh_init.o nsh_parse.o nsh_console.o nsh_script.o nsh_system.o nsh_command.o nsh_fscmds.o nsh_ddcmd.o nsh_proccmds.o nsh_mmcmds.o nsh_timcmds.o nsh_envcmds.o nsh_syscmds.o nsh_dbgcmds.o nsh_session.o nsh_fsutils.o nsh_builtin.o nsh_romfsetc.o nsh_mntcmds.o nsh_consolemain.o nsh_printf.o nsh_test.o nsh_usbconsole.o
CC:  fat/fs_fat32util.c
CC:  armv7-m/up_unblocktask.c
CC:  common/up_usestack.c
CC:  builtin_forindex.c
CC:  armv7-m/up_doirq.c
CC:  armv7-m/up_hardfault.c
CC:  fat/fs_mkfatfs.c
CC:  armv7-m/up_svcall.c
CC:  common/up_vfork.c
CC:  fat/fs_configfat.c
CC:  armv7-m/up_vectors.c
CC:  armv7-m/arch_enable_dcache.c
CC:  fat/fs_writefat.c
CC:  armv7-m/arch_disable_dcache.c
CC:  armv7-m/arch_invalidate_dcache.c
CC:  armv7-m/arch_invalidate_dcache_all.c
CC:  romfs/fs_romfs.c
CC:  common/up_checkstack.c
AR:  up_saveusercontext.o up_fullcontextrestore.o up_switchcontext.o up_testset.o vfork.o up_exception.o up_fpu.o stm32_allocateheap.o stm32_exti_gpio.o stm32_gpio.o stm32_irq.o stm32_lowputc.o stm32_rcc.o stm32_serial.o stm32_start.o stm32_timerisr.o stm32_dtcm.o stm32_dma.o stm32_pwr.o stm32_exti_pwr.o stm32_rtc.o stm32_i2c.o stm32_spi.o stm32_sdmmc.o stm32_otgdev.o stm32_tim.o stm32_adc.o stm32_bbsram.o up_assert.o up_blocktask.o up_copyfullstate.o up_createstack.o up_mdelay.o up_udelay.o up_exit.o up_idle.o up_initialize.o up_initialstate.o up_interruptcontext.o up_memfault.o up_modifyreg8.o up_modifyreg16.o up_modifyreg32.o up_releasepending.o up_releasestack.o up_reprioritizertr.o up_schedulesigaction.o up_sigdeliver.o up_stackframe.o up_systemreset.o up_unblocktask.o up_usestack.o up_doirq.o up_hardfault.o up_svcall.o up_vfork.o up_vectors.o arch_enable_dcache.o arch_disable_dcache.o arch_invalidate_dcache.o arch_invalidate_dcache_all.o up_checkstack.o
CC:  romfs/fs_romfsutil.c
CC:  binfs/fs_binfs.c
CC:  procfs/fs_procfs.c
CC:  procfs/fs_procfsutil.c
CC:  procfs/fs_procfsproc.c
CC:  builtin_list.c
CC:  exec_builtin.c
CC:  procfs/fs_procfsuptime.c
AR:   builtin_forindex.o builtin_list.o exec_builtin.o
CC:  procfs/fs_procfscpuload.c
CC:  readline.c
CC:  procfs/fs_procfskmm.c
AR:   fs_initialize.o fs_files.o fs_foreachinode.o fs_inode.o fs_inodeaddref.o fs_inodebasename.o fs_inodefind.o fs_inodefree.o fs_inoderelease.o fs_inoderemove.o fs_inodereserve.o fs_inodesearch.o fs_filedetach.o fs_close.o fs_dup.o fs_dup2.o fs_fcntl.o fs_dupfd.o fs_dupfd2.o fs_epoll.o fs_fstat.o fs_fstatfs.o fs_getfilep.o fs_ioctl.o fs_lseek.o fs_mkdir.o fs_open.o fs_poll.o fs_read.o fs_rename.o fs_rmdir.o fs_statfs.o fs_stat.o fs_select.o fs_unlink.o fs_write.o fs_fsync.o fs_pread.o fs_pwrite.o fs_link.o fs_readlink.o fs_fdopen.o fs_registerdriver.o fs_unregisterdriver.o fs_registerblockdriver.o fs_unregisterblockdriver.o fs_findblockdriver.o fs_openblockdriver.o fs_closeblockdriver.o fs_blockproxy.o fs_closedir.o fs_opendir.o fs_readdir.o fs_rewinddir.o fs_seekdir.o fs_mmap.o mq_open.o mq_close.o mq_unlink.o fs_mount.o fs_umount2.o fs_foreachmountpoint.o fs_fat32.o fs_fat32dirent.o fs_fat32attrib.o fs_fat32util.o fs_mkfatfs.o fs_configfat.o fs_writefat.o fs_romfs.o fs_romfsutil.o fs_binfs.o fs_procfs.o fs_procfsutil.o fs_procfsproc.o fs_procfsuptime.o fs_procfscpuload.o fs_procfskmm.o
CC:  readline_common.c
AR:   readline.o readline_common.o
CC:  cdcacm_main.c
AR:    cdcacm_main.o
CC:  gnu/gnu_cxxinitialize.c
AR:    bin/gnu_cxxinitialize.o
